<?xml version="1.0" encoding="UTF-8"?>
<testsuite xmlns:xsi="http://www.w3.org/2001/XMLSchema-instance" xsi:noNamespaceSchemaLocation="https://maven.apache.org/surefire/maven-surefire-plugin/xsd/surefire-test-report-3.0.xsd" version="3.0" name="com.example.runners.TestRunner" time="72.865" tests="8" errors="0" skipped="0" failures="0">
  <properties>
[...]
</properties>
  <testcase name="Successful login with valid credentials" classname="System kasirAja" time="17.69">
    <system-out><![CDATA[
Scenario: Successful login with valid credentials     &amp#27;[90m# src/resources/features/login.feature:3&amp#27;[0m
  &amp#27;[32mGiven &amp#27;[0m&amp#27;[32mI am on the login page&amp#27;[0m                        &amp#27;[90m# com.example.stepdefinitions.YourStepDefinitions.i_am_on_the_login_page()&amp#27;[0m
  &amp#27;[32mWhen &amp#27;[0m&amp#27;[32mI enter invalid email and password&amp#27;[0m             &amp#27;[90m# com.example.stepdefinitions.YourStepDefinitions.i_enter_invalid_email_and_password()&amp#27;[0m
  &amp#27;[32mThen &amp#27;[0m&amp#27;[32mI should see error message invalid credentials&amp#27;[0m &amp#27;[90m# com.example.stepdefinitions.YourStepDefinitions.i_should_see_error_message_invalid_credentials()&amp#27;[0m
  &amp#27;[32mWhen &amp#27;[0m&amp#27;[32mI enter valid email and password&amp#27;[0m               &amp#27;[90m# com.example.stepdefinitions.YourStepDefinitions.i_enter_valid_email_and_password()&amp#27;[0m
  &amp#27;[32mThen &amp#27;[0m&amp#27;[32mI should be redirected to the dashboard page&amp#27;[0m   &amp#27;[90m# com.example.stepdefinitions.YourStepDefinitions.i_should_be_redirected_to_the_dashboard_page()&amp#27;[0m
]]></system-out>
    <system-err><![CDATA[Oct 13, 2024 1:39:43 AM org.openqa.selenium.devtools.CdpVersionFinder findNearestMatch
WARNING: Unable to find CDP implementation matching 129
Oct 13, 2024 1:39:43 AM org.openqa.selenium.chromium.ChromiumDriver lambda$new$5
WARNING: Unable to find version of CDP to use for 129.0.6668.101. You may need to include a dependency on a specific version of the CDP using something similar to `org.seleniumhq.selenium:selenium-devtools-v86:4.17.0` where the version ("v86") matches the version of the chromium-based browser you're using and the version number of the artifact is the same as Selenium's.
]]></system-err>
  </testcase>
  <testcase name="Create new category" classname="System kasirAja" time="14.59">
    <system-out><![CDATA[
Scenario: Create new category                              &amp#27;[90m# src/resources/features/login.feature:10&amp#27;[0m
  &amp#27;[32mGiven &amp#27;[0m&amp#27;[32mI am on the category page&amp#27;[0m                          &amp#27;[90m# com.example.stepdefinitions.YourStepDefinitions.i_am_on_the_category_page()&amp#27;[0m
  &amp#27;[32mWhen &amp#27;[0m&amp#27;[32mI click the create category button&amp#27;[0m                  &amp#27;[90m# com.example.stepdefinitions.YourStepDefinitions.i_click_the_create_category_button()&amp#27;[0m
  &amp#27;[32mAnd &amp#27;[0m&amp#27;[32mI click button simpan category without fill the form&amp#27;[0m &amp#27;[90m# com.example.stepdefinitions.YourStepDefinitions.i_click_button_simpan_category_without_fill_the_form()&amp#27;[0m
  &amp#27;[32mAnd &amp#27;[0m&amp#27;[32mI fill the category form&amp#27;[0m                             &amp#27;[90m# com.example.stepdefinitions.YourStepDefinitions.i_fill_the_category_form()&amp#27;[0m
Category form filled and submitted successfully
  &amp#27;[32mThen &amp#27;[0m&amp#27;[32mI should see new category in the category list&amp#27;[0m      &amp#27;[90m# com.example.stepdefinitions.YourStepDefinitions.i_should_see_new_category_in_the_category_list()&amp#27;[0m
]]></system-out>
  </testcase>
  <testcase name="Update an existing category" classname="System kasirAja" time="7.985">
    <system-out><![CDATA[
Scenario: Update an existing category                     &amp#27;[90m# src/resources/features/login.feature:17&amp#27;[0m
  &amp#27;[32mWhen &amp#27;[0m&amp#27;[32mI update one of the category value&amp#27;[0m                 &amp#27;[90m# com.example.stepdefinitions.YourStepDefinitions.i_update_one_of_the_category_value()&amp#27;[0m
Category form updated successfully
  &amp#27;[32mThen &amp#27;[0m&amp#27;[32mI should see updated category in the category list&amp#27;[0m &amp#27;[90m# com.example.stepdefinitions.YourStepDefinitions.i_should_see_updated_category_in_the_category_list()&amp#27;[0m
]]></system-out>
  </testcase>
  <testcase name="Delete an existing category" classname="System kasirAja" time="5.473">
    <system-out><![CDATA[
Scenario: Delete an existing category &amp#27;[90m# src/resources/features/login.feature:21&amp#27;[0m
  &amp#27;[32mWhen &amp#27;[0m&amp#27;[32mI delete one of the category&amp#27;[0m   &amp#27;[90m# com.example.stepdefinitions.YourStepDefinitions.i_deleted_one_of_the_category()&amp#27;[0m
]]></system-out>
  </testcase>
  <testcase name="Create new user" classname="System kasirAja" time="12.377">
    <system-out><![CDATA[
Scenario: Create new user                              &amp#27;[90m# src/resources/features/login.feature:24&amp#27;[0m
  &amp#27;[32mGiven &amp#27;[0m&amp#27;[32mI am on the user page&amp#27;[0m                          &amp#27;[90m# com.example.stepdefinitions.YourStepDefinitions.i_am_on_the_user_page()&amp#27;[0m
  &amp#27;[32mWhen &amp#27;[0m&amp#27;[32mI click the create user button&amp#27;[0m                  &amp#27;[90m# com.example.stepdefinitions.YourStepDefinitions.i_click_the_create_user_button()&amp#27;[0m
  &amp#27;[32mAnd &amp#27;[0m&amp#27;[32mI click button simpan user without fill the form&amp#27;[0m &amp#27;[90m# com.example.stepdefinitions.YourStepDefinitions.i_click_button_simpan_user_without_fill_the_form()&amp#27;[0m
  &amp#27;[32mAnd &amp#27;[0m&amp#27;[32mI fill the user form&amp#27;[0m                             &amp#27;[90m# com.example.stepdefinitions.YourStepDefinitions.i_fill_the_user_form()&amp#27;[0m
User form filled and submitted successfully
  &amp#27;[32mThen &amp#27;[0m&amp#27;[32mI should see new user in the user list&amp#27;[0m          &amp#27;[90m# com.example.stepdefinitions.YourStepDefinitions.i_should_see_new_user_in_the_user_list()&amp#27;[0m
]]></system-out>
  </testcase>
  <testcase name="Update an existing user" classname="System kasirAja" time="7.885">
    <system-out><![CDATA[
Scenario: Update an existing user                 &amp#27;[90m# src/resources/features/login.feature:31&amp#27;[0m
  &amp#27;[32mWhen &amp#27;[0m&amp#27;[32mI update one of the user value&amp#27;[0m             &amp#27;[90m# com.example.stepdefinitions.YourStepDefinitions.i_update_one_of_the_user_value()&amp#27;[0m
User form updated successfully
  &amp#27;[32mThen &amp#27;[0m&amp#27;[32mI should see updated user in the user list&amp#27;[0m &amp#27;[90m# com.example.stepdefinitions.YourStepDefinitions.i_should_see_updated_user_in_the_user_list()&amp#27;[0m
]]></system-out>
  </testcase>
  <testcase name="Delete an existing user" classname="System kasirAja" time="5.527">
    <system-out><![CDATA[
Scenario: Delete an existing user &amp#27;[90m# src/resources/features/login.feature:35&amp#27;[0m
  &amp#27;[32mWhen &amp#27;[0m&amp#27;[32mI delete one of the user&amp#27;[0m   &amp#27;[90m# com.example.stepdefinitions.YourStepDefinitions.i_deleted_one_of_the_user()&amp#27;[0m
]]></system-out>
  </testcase>
  <testcase name="Logout from System" classname="System kasirAja" time="0.982">
    <system-out><![CDATA[
Scenario: Logout from System                    &amp#27;[90m# src/resources/features/login.feature:38&amp#27;[0m
  &amp#27;[32mWhen &amp#27;[0m&amp#27;[32mI click button logout&amp#27;[0m                    &amp#27;[90m# com.example.stepdefinitions.YourStepDefinitions.i_click_button_logout()&amp#27;[0m
  &amp#27;[32mThen &amp#27;[0m&amp#27;[32mI should be redirected to the login page&amp#27;[0m &amp#27;[90m# com.example.stepdefinitions.YourStepDefinitions.i_should_be_redirected_to_the_login_page()&amp#27;[0m
]]></system-out>
  </testcase>
</testsuite>